# JRE version: Java(TM) SE Runtime Environment (8.0_102-b14) (build 1.8.0_102-b14)
# Java VM: Java HotSpot(TM) 64-Bit Server VM (25.102-b14 mixed mode windows-amd64 compressed oops)
Heap:
 PSYoungGen      total 273920K, used 178766K [0x0000000715f00000, 0x0000000730680000, 0x00000007c0000000)
  eden space 252416K, 70% used [0x0000000715f00000,0x0000000720d93be8,0x0000000725580000)
  from space 21504K, 0% used [0x0000000725580000,0x0000000725580000,0x0000000726a80000)
  to   space 14848K, 0% used [0x000000072f800000,0x000000072f800000,0x0000000730680000)
 ParOldGen       total 251904K, used 16651K [0x00000005c1c00000, 0x00000005d1200000, 0x0000000715f00000)
  object space 251904K, 6% used [0x00000005c1c00000,0x00000005c2c42e50,0x00000005d1200000)
 Metaspace       used 42339K, capacity 45544K, committed 45744K, reserved 1089536K
  class space    used 5792K, capacity 6497K, committed 6576K, reserved 1048576K
GC Heap History (10 events):
Event: 11.624 GC heap before
{Heap before GC invocations=3 (full 0):
 PSYoungGen      total 153088K, used 45652K [0x0000000715f00000, 0x0000000728a00000, 0x00000007c0000000)
  eden space 131584K, 28% used [0x0000000715f00000,0x0000000718390f98,0x000000071df80000)
  from space 21504K, 38% used [0x000000071f480000,0x000000071fc84418,0x0000000720980000)
  to   space 21504K, 0% used [0x000000071df80000,0x000000071df80000,0x000000071f480000)
 ParOldGen       total 349696K, used 24K [0x00000005c1c00000, 0x00000005d7180000, 0x0000000715f00000)
  object space 349696K, 0% used [0x00000005c1c00000,0x00000005c1c06000,0x00000005d7180000)
 Metaspace       used 20416K, capacity 21218K, committed 21296K, reserved 1067008K
  class space    used 2633K, capacity 2845K, committed 2864K, reserved 1048576K
Event: 11.640 GC heap after
Heap after GC invocations=3 (full 0):
 PSYoungGen      total 153088K, used 6405K [0x0000000715f00000, 0x0000000728a00000, 0x00000007c0000000)
  eden space 131584K, 0% used [0x0000000715f00000,0x0000000715f00000,0x000000071df80000)
  from space 21504K, 29% used [0x000000071df80000,0x000000071e5c16d0,0x000000071f480000)
  to   space 21504K, 0% used [0x0000000727500000,0x0000000727500000,0x0000000728a00000)
 ParOldGen       total 349696K, used 32K [0x00000005c1c00000, 0x00000005d7180000, 0x0000000715f00000)
  object space 349696K, 0% used [0x00000005c1c00000,0x00000005c1c08000,0x00000005d7180000)
 Metaspace       used 20416K, capacity 21218K, committed 21296K, reserved 1067008K
  class space    used 2633K, capacity 2845K, committed 2864K, reserved 1048576K
}
Event: 11.640 GC heap before
{Heap before GC invocations=4 (full 1):
 PSYoungGen      total 153088K, used 6405K [0x0000000715f00000, 0x0000000728a00000, 0x00000007c0000000)
  eden space 131584K, 0% used [0x0000000715f00000,0x0000000715f00000,0x000000071df80000)
  from space 21504K, 29% used [0x000000071df80000,0x000000071e5c16d0,0x000000071f480000)
  to   space 21504K, 0% used [0x0000000727500000,0x0000000727500000,0x0000000728a00000)
 ParOldGen       total 349696K, used 32K [0x00000005c1c00000, 0x00000005d7180000, 0x0000000715f00000)
  object space 349696K, 0% used [0x00000005c1c00000,0x00000005c1c08000,0x00000005d7180000)
 Metaspace       used 20416K, capacity 21218K, committed 21296K, reserved 1067008K
  class space    used 2633K, capacity 2845K, committed 2864K, reserved 1048576K
Event: 11.718 GC heap after
Heap after GC invocations=4 (full 1):
 PSYoungGen      total 153088K, used 0K [0x0000000715f00000, 0x0000000728a00000, 0x00000007c0000000)
  eden space 131584K, 0% used [0x0000000715f00000,0x0000000715f00000,0x000000071df80000)
  from space 21504K, 0% used [0x000000071df80000,0x000000071df80000,0x000000071f480000)
  to   space 21504K, 0% used [0x0000000727500000,0x0000000727500000,0x0000000728a00000)
 ParOldGen       total 164352K, used 6249K [0x00000005c1c00000, 0x00000005cbc80000, 0x0000000715f00000)
  object space 164352K, 3% used [0x00000005c1c00000,0x00000005c221a7d8,0x00000005cbc80000)
 Metaspace       used 20414K, capacity 21212K, committed 21296K, reserved 1067008K
  class space    used 2632K, capacity 2844K, committed 2864K, reserved 1048576K
}
Event: 16.085 GC heap before
{Heap before GC invocations=5 (full 1):
 PSYoungGen      total 153088K, used 131584K [0x0000000715f00000, 0x0000000728a00000, 0x00000007c0000000)
  eden space 131584K, 100% used [0x0000000715f00000,0x000000071df80000,0x000000071df80000)
  from space 21504K, 0% used [0x000000071df80000,0x000000071df80000,0x000000071f480000)
  to   space 21504K, 0% used [0x0000000727500000,0x0000000727500000,0x0000000728a00000)
 ParOldGen       total 164352K, used 6249K [0x00000005c1c00000, 0x00000005cbc80000, 0x0000000715f00000)
  object space 164352K, 3% used [0x00000005c1c00000,0x00000005c221a7d8,0x00000005cbc80000)
 Metaspace       used 27749K, capacity 29456K, committed 29616K, reserved 1075200K
  class space    used 3644K, capacity 3968K, committed 4016K, reserved 1048576K
Event: 16.101 GC heap after
Heap after GC invocations=5 (full 1):
 PSYoungGen      total 242688K, used 10272K [0x0000000715f00000, 0x0000000727f80000, 0x00000007c0000000)
  eden space 231936K, 0% used [0x0000000715f00000,0x0000000715f00000,0x0000000724180000)
  from space 10752K, 95% used [0x0000000727500000,0x0000000727f082d0,0x0000000727f80000)
  to   space 21504K, 0% used [0x0000000725580000,0x0000000725580000,0x0000000726a80000)
 ParOldGen       total 164352K, used 6257K [0x00000005c1c00000, 0x00000005cbc80000, 0x0000000715f00000)
  object space 164352K, 3% used [0x00000005c1c00000,0x00000005c221c7d8,0x00000005cbc80000)
 Metaspace       used 27749K, capacity 29456K, committed 29616K, reserved 1075200K
  class space    used 3644K, capacity 3968K, committed 4016K, reserved 1048576K
}
Event: 17.576 GC heap before
{Heap before GC invocations=6 (full 1):
 PSYoungGen      total 242688K, used 83061K [0x0000000715f00000, 0x0000000727f80000, 0x00000007c0000000)
  eden space 231936K, 31% used [0x0000000715f00000,0x000000071a6152b8,0x0000000724180000)
  from space 10752K, 95% used [0x0000000727500000,0x0000000727f082d0,0x0000000727f80000)
  to   space 21504K, 0% used [0x0000000725580000,0x0000000725580000,0x0000000726a80000)
 ParOldGen       total 164352K, used 6257K [0x00000005c1c00000, 0x00000005cbc80000, 0x0000000715f00000)
  object space 164352K, 3% used [0x00000005c1c00000,0x00000005c221c7d8,0x00000005cbc80000)
 Metaspace       used 33454K, capacity 35418K, committed 35496K, reserved 1079296K
  class space    used 4435K, capacity 4863K, committed 4912K, reserved 1048576K
Event: 17.595 GC heap after
Heap after GC invocations=6 (full 1):
 PSYoungGen      total 273920K, used 11549K [0x0000000715f00000, 0x0000000730680000, 0x00000007c0000000)
  eden space 252416K, 0% used [0x0000000715f00000,0x0000000715f00000,0x0000000725580000)
  from space 21504K, 53% used [0x0000000725580000,0x00000007260c75f0,0x0000000726a80000)
  to   space 14848K, 0% used [0x000000072f800000,0x000000072f800000,0x0000000730680000)
 ParOldGen       total 164352K, used 6265K [0x00000005c1c00000, 0x00000005cbc80000, 0x0000000715f00000)
  object space 164352K, 3% used [0x00000005c1c00000,0x00000005c221e7d8,0x00000005cbc80000)
 Metaspace       used 33454K, capacity 35418K, committed 35496K, reserved 1079296K
  class space    used 4435K, capacity 4863K, committed 4912K, reserved 1048576K
}
Event: 17.595 GC heap before
{Heap before GC invocations=7 (full 2):
 PSYoungGen      total 273920K, used 11549K [0x0000000715f00000, 0x0000000730680000, 0x00000007c0000000)
  eden space 252416K, 0% used [0x0000000715f00000,0x0000000715f00000,0x0000000725580000)
  from space 21504K, 53% used [0x0000000725580000,0x00000007260c75f0,0x0000000726a80000)
  to   space 14848K, 0% used [0x000000072f800000,0x000000072f800000,0x0000000730680000)
 ParOldGen       total 164352K, used 6265K [0x00000005c1c00000, 0x00000005cbc80000, 0x0000000715f00000)
  object space 164352K, 3% used [0x00000005c1c00000,0x00000005c221e7d8,0x00000005cbc80000)
 Metaspace       used 33454K, capacity 35418K, committed 35496K, reserved 1079296K
  class space    used 4435K, capacity 4863K, committed 4912K, reserved 1048576K
Event: 17.775 GC heap after
Heap after GC invocations=7 (full 2):
 PSYoungGen      total 273920K, used 0K [0x0000000715f00000, 0x0000000730680000, 0x00000007c0000000)
  eden space 252416K, 0% used [0x0000000715f00000,0x0000000715f00000,0x0000000725580000)
  from space 21504K, 0% used [0x0000000725580000,0x0000000725580000,0x0000000726a80000)
  to   space 14848K, 0% used [0x000000072f800000,0x000000072f800000,0x0000000730680000)
 ParOldGen       total 251904K, used 16651K [0x00000005c1c00000, 0x00000005d1200000, 0x0000000715f00000)
  object space 251904K, 6% used [0x00000005c1c00000,0x00000005c2c42e50,0x00000005d1200000)
 Metaspace       used 33454K, capacity 35418K, committed 35496K, reserved 1079296K
  class space    used 4435K, capacity 4863K, committed 4912K, reserved 1048576K
}

